
ROM used:   58/8192 (1%)
            58/8192 (1%) including unused fragments

            0.1 Average locations per line
            6.4 Average locations per statement

RAM used:   6/368 (2%) at main() level
            7/368 (2%) worst case

Stack used: 0 worst case (0 in main + 0 for interrupts)
Stack size: 8

Lines Stmts  %   Files
----- ----- ---  -----
   26     9 100  second_file.c
  611     0   0  ..\..\PICC\Devices\16f876.h
----- -----
  637     9 Total

Page ROM  %  RAM    Vol Diff  Functions:
---- --- --- ---    --- ----  ----------
0     21  36    1    643  8.1  @delay_ms1
0     33  57    1    179  2.2  main
 Inline         0             @cinit1

Program metrics:
    Functions               2
    Statements              9
    Comments                110
    Volume (V)              947
    Difficulty (D)          10.2
    Effort to implement (E) 9617
    Time to implement (T)   9 minutes
    Est Delivered Bugs (B)  0
    Cyclomatic Complexity   5
    Maintainability (MI)    70

 Segment     Used  Free
-----------  ----  ----
00000-00003     4  0  
00004-007FF    54  1990  
00800-00FFF     0  2048  
01000-017FF     0  2048  
01800-01FFF     0  2048  



